<?xml version="1.0" encoding="UTF-8"?>
<testng-results ignored="0" total="1" passed="1" failed="0" skipped="0">
  <reporter-output>
  </reporter-output>
  <suite started-at="2023-11-17T20:56:41 IST" name="LRAPISuite" finished-at="2023-11-17T20:56:45 IST" duration-ms="4071">
    <groups>
    </groups>
    <test started-at="2023-11-17T20:56:41 IST" name="LRAPITest" finished-at="2023-11-17T20:56:45 IST" duration-ms="4071">
      <class name="api.test.UserTests">
        <test-method is-config="true" signature="setup()[pri:0, instance:api.test.UserTests@1ffaf86]" started-at="2023-11-17T20:56:41 IST" name="setup" finished-at="2023-11-17T20:56:41 IST" duration-ms="550" status="PASS">
          <reporter-output>
          </reporter-output>
        </test-method> <!-- setup -->
        <test-method signature="testPostUser()[pri:1, instance:api.test.UserTests@1ffaf86]" started-at="2023-11-17T20:56:41 IST" name="testPostUser" finished-at="2023-11-17T20:56:45 IST" duration-ms="3257" status="PASS">
          <reporter-output>
          </reporter-output>
        </test-method> <!-- testPostUser -->
      </class> <!-- api.test.UserTests -->
    </test> <!-- LRAPITest -->
  </suite> <!-- LRAPISuite -->
</testng-results>
